Kat Planý Sýnýrý kontrolü...
6 Kat Planý Sýnýrý bulundu.
=================================
[1] katý kontrol ediliyor.
=================================
    Kat No = B
    Kat Taban Kotu = -262
    Kat Tavan Kotu = 38
    8 Baðýmsýz Bölüm / Ortak Alan bulundu.
    Baðýmsýz Bölüm No = 1
------->UYARI : Baðýmsýz Bölüm Brüt M2 bilgisi bulunamadý
------->UYARI : Baðýmsýz Bölüm Net M2 bilgisi bulunamadý
        Oda Adý = KÝLER
----------->UYARI : Oda penceresi bulunamadý
    Baðýmsýz Bölüm No = 2
------->UYARI : Baðýmsýz Bölüm Brüt M2 bilgisi bulunamadý
------->UYARI : Baðýmsýz Bölüm Net M2 bilgisi bulunamadý
        Oda Adý = KÝLER
----------->UYARI : Oda penceresi bulunamadý
    Baðýmsýz Bölüm No = 3
------->UYARI : Baðýmsýz Bölüm Brüt M2 bilgisi bulunamadý
------->UYARI : Baðýmsýz Bölüm Net M2 bilgisi bulunamadý
        Oda Adý = KÝLER
----------->UYARI : Oda penceresi bulunamadý
    Baðýmsýz Bölüm No = 4
------->UYARI : Baðýmsýz Bölüm Brüt M2 bilgisi bulunamadý
------->UYARI : Baðýmsýz Bölüm Net M2 bilgisi bulunamadý
        Oda Adý = KÝLER
----------->UYARI : Oda penceresi bulunamadý
    Baðýmsýz Bölüm No = 5
------->UYARI : Baðýmsýz Bölüm Brüt M2 bilgisi bulunamadý
------->UYARI : Baðýmsýz Bölüm Net M2 bilgisi bulunamadý
        Oda Adý = KÝLER
----------->UYARI : Oda penceresi bulunamadý
    Baðýmsýz Bölüm No = 6
------->UYARI : Baðýmsýz Bölüm Brüt M2 bilgisi bulunamadý
------->UYARI : Baðýmsýz Bölüm Net M2 bilgisi bulunamadý
        Oda Adý = KÝLER
----------->UYARI : Oda penceresi bulunamadý
    Baðýmsýz Bölüm No = 7
------->UYARI : Baðýmsýz Bölüm Brüt M2 bilgisi bulunamadý
------->UYARI : Baðýmsýz Bölüm Net M2 bilgisi bulunamadý
        Oda Adý = KÝLER
----------->UYARI : Oda penceresi bulunamadý
=================================
[2] katý kontrol ediliyor.
=================================
    Kat No = Z
    Kat Taban Kotu = 38
    Kat Tavan Kotu = 338
    2 Baðýmsýz Bölüm / Ortak Alan bulundu.
    Baðýmsýz Bölüm No = 1
------->UYARI : Baðýmsýz Bölüm No [1] daha önceden girilmiþ durumda.
------->UYARI : Baðýmsýz Bölüm Brüt M2 bilgisi bulunamadý
------->UYARI : Baðýmsýz Bölüm Net M2 bilgisi bulunamadý
        Oda Adý = ODA
        Oda Adý = ODA
        Oda Adý = BANYO
----------->UYARI : Oda penceresi bulunamadý
        Oda Adý = SALON
        Oda Adý = MUTFAK
        Oda Adý = TUVALET
----------->UYARI : Oda M2 bilgisi bulunamadý
----------->UYARI : Oda penceresi bulunamadý
        Oda Adý = TUVALET
----------->UYARI : Oda M2 bilgisi bulunamadý
----------->UYARI : Oda penceresi bulunamadý
        Oda Adý = HOL
----------->UYARI : Oda M2 bilgisi bulunamadý
----------->UYARI : Oda penceresi bulunamadý
        Oda Adý = N.O.A
----------->UYARI : Oda M2 bilgisi bulunamadý
----------->UYARI : Oda kapýsý bulunamadý
----------->UYARI : Oda penceresi bulunamadý
=================================
[3] katý kontrol ediliyor.
=================================
    Kat No = K1
    Kat Taban Kotu = 338
    Kat Tavan Kotu = 638
    3 Baðýmsýz Bölüm / Ortak Alan bulundu.
    Baðýmsýz Bölüm No = 2
------->UYARI : Baðýmsýz Bölüm No [2] daha önceden girilmiþ durumda.
------->UYARI : Baðýmsýz Bölüm Brüt M2 bilgisi bulunamadý
------->UYARI : Baðýmsýz Bölüm Net M2 bilgisi bulunamadý
        Oda Adý = ODA
        Oda Adý = ODA
        Oda Adý = KÝLER
----------->UYARI : Oda penceresi bulunamadý
        Oda Adý = SALON
        Oda Adý = MUTFAK
----------->UYARI : Oda penceresi bulunamadý
        Oda Adý = TUVALET
----------->UYARI : Oda M2 bilgisi bulunamadý
----------->UYARI : Oda penceresi bulunamadý
        Oda Adý = BANYO
----------->UYARI : Oda penceresi bulunamadý
        Oda Adý = HOL
----------->UYARI : Oda M2 bilgisi bulunamadý
----------->UYARI : Oda penceresi bulunamadý
        Oda Adý = N.O.A
----------->UYARI : Oda M2 bilgisi bulunamadý
----------->UYARI : Oda kapýsý bulunamadý
----------->UYARI : Oda penceresi bulunamadý
        Oda Adý = N.O.A
----------->UYARI : Oda M2 bilgisi bulunamadý
----------->UYARI : Oda kapýsý bulunamadý
----------->UYARI : Oda penceresi bulunamadý
    Baðýmsýz Bölüm No = 3
------->UYARI : Baðýmsýz Bölüm No [3] daha önceden girilmiþ durumda.
------->UYARI : Baðýmsýz Bölüm Brüt M2 bilgisi bulunamadý
------->UYARI : Baðýmsýz Bölüm Net M2 bilgisi bulunamadý
        Oda Adý = ODA
        Oda Adý = ODA
        Oda Adý = KÝLER
----------->UYARI : Oda penceresi bulunamadý
        Oda Adý = SALON
        Oda Adý = MUTFAK
----------->UYARI : Oda penceresi bulunamadý
        Oda Adý = TUVALET
----------->UYARI : Oda M2 bilgisi bulunamadý
----------->UYARI : Oda penceresi bulunamadý
        Oda Adý = BANYO
----------->UYARI : Oda penceresi bulunamadý
        Oda Adý = HOL
----------->UYARI : Oda M2 bilgisi bulunamadý
----------->UYARI : Oda penceresi bulunamadý
        Oda Adý = N.O.A
----------->UYARI : Oda M2 bilgisi bulunamadý
----------->UYARI : Oda kapýsý bulunamadý
----------->UYARI : Oda penceresi bulunamadý
=================================
[4] katý kontrol ediliyor.
=================================
    Kat No = K2
    Kat Taban Kotu = 638
    Kat Tavan Kotu = 938
    3 Baðýmsýz Bölüm / Ortak Alan bulundu.
    Baðýmsýz Bölüm No = 4
------->UYARI : Baðýmsýz Bölüm No [4] daha önceden girilmiþ durumda.
------->UYARI : Baðýmsýz Bölüm Brüt M2 bilgisi bulunamadý
------->UYARI : Baðýmsýz Bölüm Net M2 bilgisi bulunamadý
        Oda Adý = ODA
        Oda Adý = ODA
        Oda Adý = KÝLER
----------->UYARI : Oda penceresi bulunamadý
        Oda Adý = SALON
        Oda Adý = MUTFAK
----------->UYARI : Oda penceresi bulunamadý
        Oda Adý = TUVALET
----------->UYARI : Oda M2 bilgisi bulunamadý
----------->UYARI : Oda penceresi bulunamadý
        Oda Adý = BANYO
----------->UYARI : Oda penceresi bulunamadý
        Oda Adý = HOL
----------->UYARI : Oda M2 bilgisi bulunamadý
----------->UYARI : Oda penceresi bulunamadý
        Oda Adý = N.O.A
----------->UYARI : Oda M2 bilgisi bulunamadý
----------->UYARI : Oda kapýsý bulunamadý
----------->UYARI : Oda penceresi bulunamadý
        Oda Adý = N.O.A
----------->UYARI : Oda M2 bilgisi bulunamadý
----------->UYARI : Oda kapýsý bulunamadý
----------->UYARI : Oda penceresi bulunamadý
    Baðýmsýz Bölüm No = 5
------->UYARI : Baðýmsýz Bölüm No [5] daha önceden girilmiþ durumda.
------->UYARI : Baðýmsýz Bölüm Brüt M2 bilgisi bulunamadý
------->UYARI : Baðýmsýz Bölüm Net M2 bilgisi bulunamadý
        Oda Adý = ODA
        Oda Adý = ODA
        Oda Adý = KÝLER
----------->UYARI : Oda penceresi bulunamadý
        Oda Adý = SALON
        Oda Adý = MUTFAK
----------->UYARI : Oda penceresi bulunamadý
        Oda Adý = TUVALET
----------->UYARI : Oda M2 bilgisi bulunamadý
----------->UYARI : Oda penceresi bulunamadý
        Oda Adý = BANYO
----------->UYARI : Oda penceresi bulunamadý
        Oda Adý = HOL
----------->UYARI : Oda M2 bilgisi bulunamadý
----------->UYARI : Oda penceresi bulunamadý
        Oda Adý = N.O.A
----------->UYARI : Oda M2 bilgisi bulunamadý
----------->UYARI : Oda kapýsý bulunamadý
----------->UYARI : Oda penceresi bulunamadý
=================================
[5] katý kontrol ediliyor.
=================================
    Kat No = K3
    Kat Taban Kotu = 938
    Kat Tavan Kotu = 1238
    3 Baðýmsýz Bölüm / Ortak Alan bulundu.
    Baðýmsýz Bölüm No = 6
------->UYARI : Baðýmsýz Bölüm No [6] daha önceden girilmiþ durumda.
------->UYARI : Baðýmsýz Bölüm Brüt M2 bilgisi bulunamadý
------->UYARI : Baðýmsýz Bölüm Net M2 bilgisi bulunamadý
        Oda Adý = ODA
        Oda Adý = ODA
        Oda Adý = KÝLER
----------->UYARI : Oda penceresi bulunamadý
        Oda Adý = SALON
        Oda Adý = MUTFAK
----------->UYARI : Oda penceresi bulunamadý
        Oda Adý = TUVALET
----------->UYARI : Oda M2 bilgisi bulunamadý
----------->UYARI : Oda penceresi bulunamadý
        Oda Adý = BANYO
----------->UYARI : Oda penceresi bulunamadý
        Oda Adý = HOL
----------->UYARI : Oda M2 bilgisi bulunamadý
----------->UYARI : Oda penceresi bulunamadý
        Oda Adý = N.O.A
----------->UYARI : Oda M2 bilgisi bulunamadý
----------->UYARI : Oda kapýsý bulunamadý
----------->UYARI : Oda penceresi bulunamadý
        Oda Adý = N.O.A
----------->UYARI : Oda M2 bilgisi bulunamadý
----------->UYARI : Oda kapýsý bulunamadý
----------->UYARI : Oda penceresi bulunamadý
    Baðýmsýz Bölüm No = 7
------->UYARI : Baðýmsýz Bölüm No [7] daha önceden girilmiþ durumda.
------->UYARI : Baðýmsýz Bölüm Brüt M2 bilgisi bulunamadý
------->UYARI : Baðýmsýz Bölüm Net M2 bilgisi bulunamadý
        Oda Adý = ODA
        Oda Adý = ODA
        Oda Adý = KÝLER
----------->UYARI : Oda penceresi bulunamadý
        Oda Adý = SALON
        Oda Adý = MUTFAK
----------->UYARI : Oda penceresi bulunamadý
        Oda Adý = TUVALET
----------->UYARI : Oda M2 bilgisi bulunamadý
----------->UYARI : Oda penceresi bulunamadý
        Oda Adý = BANYO
----------->UYARI : Oda penceresi bulunamadý
        Oda Adý = HOL
----------->UYARI : Oda M2 bilgisi bulunamadý
----------->UYARI : Oda penceresi bulunamadý
        Oda Adý = N.O.A
----------->UYARI : Oda M2 bilgisi bulunamadý
----------->UYARI : Oda kapýsý bulunamadý
----------->UYARI : Oda penceresi bulunamadý
=================================
[6] katý kontrol ediliyor.
=================================
